[INFO ] 2020-07-29 13:43:11.992 [main] TaskAppApplication - Starting TaskAppApplication on Vasu-Naman-Verma.local with PID 4340 (/Users/rahulkumar/TaskApp/target/classes started by rahulkumar in /Users/rahulkumar/TaskApp)
[INFO ] 2020-07-29 13:43:12.008 [main] TaskAppApplication - No active profile set, falling back to default profiles: default
[INFO ] 2020-07-29 13:43:17.206 [main] TaskAppApplication - Started TaskAppApplication in 5.689 seconds (JVM running for 6.661)
[INFO ] 2020-07-29 13:43:29.492 [http-nio-8081-exec-1] AuthInterceptor - total time for request http://localhost:8081//9/google_3/update-employee-info is 8407 ms
[INFO ] 2020-07-29 13:43:29.493 [http-nio-8081-exec-1] ResponseLogging - Request Body {
   "current_address":"New York",
   "permanent_address":"California",
   "phone_number":"",
   "position":""
}
[INFO ] 2020-07-29 13:43:29.494 [http-nio-8081-exec-1] ResponseLogging - Response Body Update Successful
[INFO ] 2020-07-29 13:43:53.351 [http-nio-8081-exec-3] AuthInterceptor - total time for request http://localhost:8081//9/google_2/update-employee-info is 8498 ms
[INFO ] 2020-07-29 13:43:53.352 [http-nio-8081-exec-3] ResponseLogging - Request Body {
   "current_address":"New York",
   "permanent_address":"California",
   "phone_number":"",
   "position":""
}
[INFO ] 2020-07-29 13:43:53.352 [http-nio-8081-exec-3] ResponseLogging - Response Body 
[INFO ] 2020-07-29 13:44:43.187 [http-nio-8081-exec-4] AuthInterceptor - total time for request http://localhost:8081//2/oyo_4/salary is 6946 ms
[INFO ] 2020-07-29 13:44:43.189 [http-nio-8081-exec-4] ResponseLogging - Request Body 
[INFO ] 2020-07-29 13:44:43.189 [http-nio-8081-exec-4] ResponseLogging - Response Body 
[INFO ] 2020-07-29 13:45:39.466 [http-nio-8081-exec-5] AuthInterceptor - total time for request http://localhost:8081//2/oyo_4/salary is 2981 ms
[INFO ] 2020-07-29 13:45:39.468 [http-nio-8081-exec-5] ResponseLogging - Request Body 
[INFO ] 2020-07-29 13:45:39.468 [http-nio-8081-exec-5] ResponseLogging - Response Body {"id":4,"employeeId":"oyo_4","salary":1000.0,"accountNo":"235676543234567","companyId":2,"departmentId":5}
