[INFO ] 2020-07-28 16:09:06.058 [http-nio-8081-exec-2] ResponseLogging - Request Body {
    "id":15,
    "name":"Larry Page",
    "dob":"5/10/1989",
    "permanentAdd":"Chennai",
    "currentAdd":"California",
    "phoneNumber":"1234567890",
    "position":"CEO",
    "departmentId":132,
    "projectId":null,
    "companyId":9,
    "employeeId":"google_2"
}
[INFO ] 2020-07-28 16:09:06.071 [http-nio-8081-exec-2] ResponseLogging - Response Body {"id":15,"name":"Larry Page","dob":"5/10/1989","permanentAdd":"Chennai","currentAdd":"California","phoneNumber":"1234567890","position":"CEO","departmentId":132,"projectId":null,"companyId":9,"employeeId":"google_2"}
[INFO ] 2020-07-28 16:10:03.636 [main] TaskAppApplication - Starting TaskAppApplication on Vasu-Naman-Verma.local with PID 6938 (/Users/rahulkumar/TaskApp/target/classes started by rahulkumar in /Users/rahulkumar/TaskApp)
[INFO ] 2020-07-28 16:10:03.660 [main] TaskAppApplication - No active profile set, falling back to default profiles: default
[INFO ] 2020-07-28 16:10:12.780 [main] TaskAppApplication - Started TaskAppApplication in 9.642 seconds (JVM running for 10.615)
[INFO ] 2020-07-28 16:10:23.662 [http-nio-8081-exec-1] AuthInterceptor - total time for request http://localhost:8081//company/2/complete-info is 13491 ms
[INFO ] 2020-07-28 16:10:23.667 [http-nio-8081-exec-1] ResponseLogging - Request Body 
[INFO ] 2020-07-28 16:10:23.667 [http-nio-8081-exec-1] ResponseLogging - Response Body 
[INFO ] 2020-07-28 17:58:59.687 [http-nio-8081-exec-4] AuthInterceptor - total time for request http://localhost:8081//company/2/complete-info is 100 ms
[INFO ] 2020-07-28 17:58:59.690 [http-nio-8081-exec-4] ResponseLogging - Request Body 
[INFO ] 2020-07-28 17:58:59.691 [http-nio-8081-exec-4] ResponseLogging - Response Body 
[INFO ] 2020-07-28 18:56:45.885 [main] TaskAppApplication - Starting TaskAppApplication on Vasu-Naman-Verma.local with PID 8550 (/Users/rahulkumar/TaskApp/target/classes started by rahulkumar in /Users/rahulkumar/TaskApp)
[INFO ] 2020-07-28 18:56:45.893 [main] TaskAppApplication - No active profile set, falling back to default profiles: default
[INFO ] 2020-07-28 18:56:50.154 [main] TaskAppApplication - Started TaskAppApplication in 4.64 seconds (JVM running for 5.779)
[INFO ] 2020-07-28 18:56:55.439 [http-nio-8081-exec-2] AuthInterceptor - total time for request http://localhost:8081//company/2/complete-info is 75 ms
[INFO ] 2020-07-28 18:56:55.441 [http-nio-8081-exec-2] ResponseLogging - Request Body 
[INFO ] 2020-07-28 18:56:55.441 [http-nio-8081-exec-2] ResponseLogging - Response Body 
[INFO ] 2020-07-28 18:57:37.524 [main] TaskAppApplication - Starting TaskAppApplication on Vasu-Naman-Verma.local with PID 8585 (/Users/rahulkumar/TaskApp/target/classes started by rahulkumar in /Users/rahulkumar/TaskApp)
[INFO ] 2020-07-28 18:57:37.533 [main] TaskAppApplication - No active profile set, falling back to default profiles: default
[INFO ] 2020-07-28 18:57:42.175 [main] TaskAppApplication - Started TaskAppApplication in 5.104 seconds (JVM running for 6.186)
[INFO ] 2020-07-28 18:57:47.641 [http-nio-8081-exec-2] AuthInterceptor - total time for request http://localhost:8081//company/2/complete-info is 108 ms
[INFO ] 2020-07-28 18:57:47.643 [http-nio-8081-exec-2] ResponseLogging - Request Body 
[INFO ] 2020-07-28 18:57:47.644 [http-nio-8081-exec-2] ResponseLogging - Response Body 
[INFO ] 2020-07-28 19:09:03.061 [main] TaskAppApplication - Starting TaskAppApplication on Vasu-Naman-Verma.local with PID 8723 (/Users/rahulkumar/TaskApp/target/classes started by rahulkumar in /Users/rahulkumar/TaskApp)
[INFO ] 2020-07-28 19:09:03.075 [main] TaskAppApplication - No active profile set, falling back to default profiles: default
[INFO ] 2020-07-28 19:09:08.608 [main] TaskAppApplication - Started TaskAppApplication in 5.998 seconds (JVM running for 6.98)
[INFO ] 2020-07-28 19:09:17.396 [http-nio-8081-exec-1] AuthInterceptor - total time for request http://localhost:8081//company/2/complete-info is 236 ms
[INFO ] 2020-07-28 19:09:17.399 [http-nio-8081-exec-1] ResponseLogging - Request Body 
[INFO ] 2020-07-28 19:09:17.399 [http-nio-8081-exec-1] ResponseLogging - Response Body [{"employeeName":"Ritesh Agarwal","employeeId":"oyo_1","companyId":2,"departmentName":"Marketing","departmentId":6,"salary":1030000.0,"projectId":0,"accountNo":"235676543234567","currentAdd":"gurgaon","permanentAdd":"gurgaon","phoneNumber":"2345678901"},{"employeeName":"Anil Goel","employeeId":"oyo_3","companyId":2,"departmentName":"Engineering","departmentId":4,"salary":1516680.55,"projectId":3,"accountNo":"2345643245643","currentAdd":"gurgaon","permanentAdd":"gurgaon","phoneNumber":"2345678901"},{"employeeName":"ABCD","employeeId":"oyo_6","companyId":2,"departmentName":"Homes","departmentId":5,"salary":5.4877398620000005E7,"projectId":0,"accountNo":"234534322332","currentAdd":"bangalore","permanentAdd":"bangalore","phoneNumber":"234532451"},{"employeeName":"Rahul Yadav","employeeId":"oyo_4","companyId":2,"departmentName":"Engineering","departmentId":4,"salary":1000.0,"projectId":2,"accountNo":"235676543234567","currentAdd":"Gurgaon","permanentAdd":"Bangalore","phoneNumber":"2345434323"},{"employeeName":"Rohit Kamaal","employeeId":"oyo_2","companyId":2,"departmentName":"Homes","departmentId":5,"salary":100.0,"projectId":0,"accountNo":"235676543234567","currentAdd":"gurgaon","permanentAdd":"gurgaon","phoneNumber":"2345678901"}]
